\BOOKMARK [0][-]{chapter.1}{1 Introduction}{}% 1
\BOOKMARK [0][-]{chapter.2}{2 Previous Work}{}% 2
\BOOKMARK [1][-]{section.2.1}{2.1 Automatic Tablature Transcription}{chapter.2}% 3
\BOOKMARK [2][-]{subsection.2.1.1}{2.1.1 Graph Search Methods}{section.2.1}% 4
\BOOKMARK [2][-]{subsection.2.1.2}{2.1.2 Supervised Learning Solutions}{section.2.1}% 5
\BOOKMARK [2][-]{subsection.2.1.3}{2.1.3 Multimedia Approaches}{section.2.1}% 6
\BOOKMARK [2][-]{subsection.2.1.4}{2.1.4 The Partial Coincidence Tally \(PCT\) Method}{section.2.1}% 7
\BOOKMARK [1][-]{section.2.2}{2.2 Inharmonicity Motivation}{chapter.2}% 8
\BOOKMARK [1][-]{section.2.3}{2.3 Inharmonicity Estimation}{chapter.2}% 9
\BOOKMARK [0][-]{chapter.3}{3 Proposed Transcription Methods}{}% 10
\BOOKMARK [1][-]{section.3.1}{3.1 Inharmonicity Trajectories}{chapter.3}% 11
\BOOKMARK [2][-]{subsection.3.1.1}{3.1.1 Motivation}{section.3.1}% 12
\BOOKMARK [2][-]{subsection.3.1.2}{3.1.2 Inharmonicity Estimation}{section.3.1}% 13
\BOOKMARK [2][-]{subsection.3.1.3}{3.1.3 Log-inharmonicity}{section.3.1}% 14
\BOOKMARK [2][-]{subsection.3.1.4}{3.1.4 Learning Inharmonicity Trajectories}{section.3.1}% 15
\BOOKMARK [2][-]{subsection.3.1.5}{3.1.5 String Classification}{section.3.1}% 16
\BOOKMARK [2][-]{subsection.3.1.6}{3.1.6 Tablature Conversion and Refinement}{section.3.1}% 17
\BOOKMARK [1][-]{section.3.2}{3.2 Baseline Bayesian Classifier}{chapter.3}% 18
\BOOKMARK [2][-]{subsection.3.2.1}{3.2.1 Motivation}{section.3.2}% 19
\BOOKMARK [2][-]{subsection.3.2.2}{3.2.2 Inharmonicity Estimation}{section.3.2}% 20
\BOOKMARK [2][-]{subsection.3.2.3}{3.2.3 Fretboard-Position Inharmonicity Distributions}{section.3.2}% 21
\BOOKMARK [2][-]{subsection.3.2.4}{3.2.4 Fretboard Position Classification}{section.3.2}% 22
\BOOKMARK [1][-]{section.3.3}{3.3 Tuning Compensation Feature}{chapter.3}% 23
\BOOKMARK [1][-]{section.3.4}{3.4 System Overviews}{chapter.3}% 24
\BOOKMARK [0][-]{chapter.4}{4 Experiments and Results}{}% 25
\BOOKMARK [1][-]{section.4.1}{4.1 RWC Evaluation}{chapter.4}% 26
\BOOKMARK [1][-]{section.4.2}{4.2 Tuning Compensation}{chapter.4}% 27
\BOOKMARK [0][-]{chapter.5}{5 Discussion}{}% 28
\BOOKMARK [1][-]{section.5.1}{5.1 Analysis}{chapter.5}% 29
\BOOKMARK [1][-]{section.5.2}{5.2 Limitations}{chapter.5}% 30
\BOOKMARK [1][-]{section.5.3}{5.3 Future Work}{chapter.5}% 31
\BOOKMARK [0][-]{chapter.6}{6 Summary}{}% 32
