\BOOKMARK [0][-]{chapter.1}{1 Introduction}{}% 1
\BOOKMARK [0][-]{chapter.2}{2 Previous Work}{}% 2
\BOOKMARK [1][-]{section.2.1}{2.1 Automatic Tablature Transcription}{chapter.2}% 3
\BOOKMARK [2][-]{subsection.2.1.1}{2.1.1 Graph Search Methods}{section.2.1}% 4
\BOOKMARK [2][-]{subsection.2.1.2}{2.1.2 Machine Learning Solutions}{section.2.1}% 5
\BOOKMARK [2][-]{subsection.2.1.3}{2.1.3 Multimedia Approaches}{section.2.1}% 6
\BOOKMARK [2][-]{subsection.2.1.4}{2.1.4 The Partial Coincidence Tally \(PCT\) Method}{section.2.1}% 7
\BOOKMARK [1][-]{section.2.2}{2.2 Inharmonicity Motivation}{chapter.2}% 8
\BOOKMARK [1][-]{section.2.3}{2.3 Inharmonicity Estimation}{chapter.2}% 9
\BOOKMARK [0][-]{chapter.3}{3 Characterizing Strings as Inharmonicity Trajectories}{}% 10
\BOOKMARK [1][-]{section.3.1}{3.1 Motivation}{chapter.3}% 11
\BOOKMARK [1][-]{section.3.2}{3.2 Inharmonicity Estimation}{chapter.3}% 12
\BOOKMARK [1][-]{section.3.3}{3.3 Log-inharmonicity}{chapter.3}% 13
\BOOKMARK [1][-]{section.3.4}{3.4 Learning Inharmonicity Trajectories}{chapter.3}% 14
\BOOKMARK [1][-]{section.3.5}{3.5 Tuning Compensation}{chapter.3}% 15
\BOOKMARK [1][-]{section.3.6}{3.6 String Classification}{chapter.3}% 16
\BOOKMARK [1][-]{section.3.7}{3.7 Tablature Conversion and Refinement}{chapter.3}% 17
\BOOKMARK [1][-]{section.3.8}{3.8 System Overview}{chapter.3}% 18
\BOOKMARK [0][-]{chapter.4}{4 Experiments and Results}{}% 19
\BOOKMARK [1][-]{section.4.1}{4.1 Benchmark RWC Evaluation}{chapter.4}% 20
\BOOKMARK [1][-]{section.4.2}{4.2 Tuning Compensation}{chapter.4}% 21
\BOOKMARK [0][-]{chapter.5}{5 Discussion}{}% 22
\BOOKMARK [1][-]{section.5.1}{5.1 Analysis}{chapter.5}% 23
\BOOKMARK [1][-]{section.5.2}{5.2 Threats to Validity}{chapter.5}% 24
\BOOKMARK [1][-]{section.5.3}{5.3 Future Work}{chapter.5}% 25
\BOOKMARK [0][-]{chapter.6}{6 Conclusion}{}% 26
\BOOKMARK [0][-]{chapter*.4}{Bibliography}{}% 27
